Build started 24.04.2017 1:25:39.
     1>Project "C:\Users\Admin\Documents\Visual Studio 2013\Projects\SoftwareRender\SoftwareRender\SoftwareRender.vcxproj" on node 2 (Build target(s)).
     1>ClCompile:
         C:\Program Files (x86)\Microsoft Visual Studio 12.0\VC\bin\CL.exe /c /I"C:\Users\Admin\Documents\Visual Studio 2013\Projects\SoftwareRender\SDL2-2.0.3\include" /ZI /nologo /W3 /WX- /Od /Oy- /D WIN32 /D _DEBUG /D _CONSOLE /D _LIB /D _UNICODE /D UNICODE /Gm /EHsc /RTC1 /MDd /GS /fp:precise /Zc:wchar_t /Zc:forScope /Fo"Debug\\" /Fd"Debug\vc120.pdb" /Gd /TP /analyze- /errorReport:prompt Application.cpp
         Application.cpp
     1>c:\users\admin\documents\visual studio 2013\projects\softwarerender\softwarerender\application.cpp(91): warning C4244: '=' : conversion from '__int64' to 'int', possible loss of data
       Link:
         C:\Program Files (x86)\Microsoft Visual Studio 12.0\VC\bin\link.exe /ERRORREPORT:PROMPT /OUT:"C:\Users\Admin\Documents\Visual Studio 2013\Projects\SoftwareRender\Debug\SoftwareRender.exe" /INCREMENTAL /NOLOGO SDL2.lib SDL2main.lib kernel32.lib user32.lib gdi32.lib winspool.lib comdlg32.lib advapi32.lib shell32.lib ole32.lib oleaut32.lib uuid.lib odbc32.lib odbccp32.lib /MANIFEST /MANIFESTUAC:"level='asInvoker' uiAccess='false'" /manifest:embed /DEBUG /PDB:"C:\Users\Admin\Documents\Visual Studio 2013\Projects\SoftwareRender\Debug\SoftwareRender.pdb" /SUBSYSTEM:CONSOLE /TLBID:1 /DYNAMICBASE /NXCOMPAT /IMPLIB:"C:\Users\Admin\Documents\Visual Studio 2013\Projects\SoftwareRender\Debug\SoftwareRender.lib" /MACHINE:X86 Debug\Application.obj
         Debug\Driver.obj
         Debug\DriverSoftware.obj
         Debug\Geometry.obj
         Debug\GeometryManager.obj
         Debug\main.obj
         Debug\mat.obj
         Debug\math.obj
         Debug\Renderer.obj
         Debug\RenderNode.obj
         Debug\SceneManager.obj
         Debug\vec3.obj
     1>MSVCRTD.lib(cinitexe.obj) : warning LNK4098: defaultlib 'msvcrt.lib' conflicts with use of other libs; use /NODEFAULTLIB:library
         SoftwareRender.vcxproj -> C:\Users\Admin\Documents\Visual Studio 2013\Projects\SoftwareRender\Debug\SoftwareRender.exe
     1>Done Building Project "C:\Users\Admin\Documents\Visual Studio 2013\Projects\SoftwareRender\SoftwareRender\SoftwareRender.vcxproj" (Build target(s)).

Build succeeded.

Time Elapsed 00:00:00.59
